<?xml version="1.0" encoding="UTF-8"?>
<!-- Generated by org.testng.reporters.JUnitReportReporter -->
<testsuite hostname="LAPTOP-1099MA6U" failures="0" tests="1" name="tests.BaseClass" time="0.005" errors="0" timestamp="24 Jan 2024 11:11:57 GMT" skipped="0">
  <testcase classname="tests.BaseClass" name="sampleTest" time="0.005"/>
</testsuite> <!-- tests.BaseClass -->
