<?xml version="1.0" encoding="UTF-8"?>
<!-- Generated by org.testng.reporters.JUnitReportReporter -->
<testsuite hostname="LAPTOP-1099MA6U" failures="0" tests="1" name="tests.CreateWallet" time="28.092" errors="0" timestamp="25 Jan 2024 10:04:14 GMT" skipped="0">
  <testcase classname="tests.CreateWallet" name="createBasicWallet" time="28.092"/>
</testsuite> <!-- tests.CreateWallet -->
