<?xml version="1.0" encoding="UTF-8"?>
<!-- Generated by org.testng.reporters.JUnitReportReporter -->
<testsuite hostname="LAPTOP-1099MA6U" failures="0" tests="1" name="tests.java.com.karora.test.trustwallet.CreateWalletTest" time="28.809" errors="0" timestamp="25 Jan 2024 12:27:43 GMT" skipped="0">
  <testcase classname="tests.java.com.karora.test.trustwallet.CreateWalletTest" name="createBasicWallet" time="28.809"/>
</testsuite> <!-- tests.java.com.karora.test.trustwallet.CreateWalletTest -->
