<?xml version="1.0" encoding="UTF-8"?>
<!-- Generated by org.testng.reporters.JUnitReportReporter -->
<testsuite hostname="LAPTOP-1099MA6U" failures="0" tests="1" name="tests.java.com.karora.test.flightreservation.CreateWalletTest" time="28.016" errors="0" timestamp="25 Jan 2024 10:46:48 GMT" skipped="0">
  <testcase classname="tests.java.com.karora.test.flightreservation.CreateWalletTest" name="createBasicWallet" time="28.016"/>
</testsuite> <!-- tests.java.com.karora.test.flightreservation.CreateWalletTest -->
