<?xml version="1.0" encoding="UTF-8"?>
<!-- Generated by org.testng.reporters.JUnitReportReporter -->
<testsuite hostname="LAPTOP-1099MA6U" failures="0" tests="1" name="tests.Tests" time="28.464" errors="0" timestamp="25 Jan 2024 09:57:44 GMT" skipped="0">
  <testcase classname="tests.Tests" name="testOne" time="28.464"/>
</testsuite> <!-- tests.Tests -->
