<?xml version="1.0" encoding="UTF-8"?>
<!-- Generated by org.testng.reporters.JUnitReportReporter -->
<testsuite hostname="LAPTOP-1099MA6U" failures="0" tests="3" name="tests.java.com.karora.test.trustwallet.CreateWalletGoogleDriveTest" time="4.049" errors="0" timestamp="25 Jan 2024 19:12:27 GMT" skipped="0">
  <testcase classname="tests.java.com.karora.test.trustwallet.CreateWalletGoogleDriveTest" name="selectCreateNewWallet" time="1.143"/>
  <testcase classname="tests.java.com.karora.test.trustwallet.CreateWalletGoogleDriveTest" name="backUpSecretPhrase" time="1.367"/>
  <testcase classname="tests.java.com.karora.test.trustwallet.CreateWalletGoogleDriveTest" name="getStarted" time="1.539"/>
</testsuite> <!-- tests.java.com.karora.test.trustwallet.CreateWalletGoogleDriveTest -->
